Warning: OPENCODE_SERVER_PASSWORD is not set; server is unsecured.
Failed to start server on port 1111
[91m[1mError: [0mUnexpected error, check log file at /home/jclee/.local/share/opencode/log/2026-01-16T233318.log for more details

Warning: OPENCODE_SERVER_PASSWORD is not set; server is unsecured.
Failed to start server on port 1111
[91m[1mError: [0mUnexpected error, check log file at /home/jclee/.local/share/opencode/log/2026-01-16T233326.log for more details

Warning: OPENCODE_SERVER_PASSWORD is not set; server is unsecured.
opencode server listening on http://127.0.0.1:5555
Warning: OPENCODE_SERVER_PASSWORD is not set; server is unsecured.
opencode server listening on http://127.0.0.1:5555
[micode] Loading micode plugin...
[micode] Loading micode plugin...
[micode] btca CLI not found. Library source code search will not work.
Install from: https://github.com/davis7dotsh/better-context
  npm install -g btca
Warning: OPENCODE_SERVER_PASSWORD is not set; server is unsecured.
opencode server listening on http://127.0.0.1:5555
[micode] Loading micode plugin...
[micode] Loading micode plugin...
[micode] btca CLI not found. Library source code search will not work.
Install from: https://github.com/davis7dotsh/better-context
  npm install -g btca
Warning: OPENCODE_SERVER_PASSWORD is not set; server is unsecured.
opencode server listening on http://127.0.0.1:5555
Warning: OPENCODE_SERVER_PASSWORD is not set; server is unsecured.
opencode server listening on http://127.0.0.1:5555
[0.02ms] ".env"
Resolving dependencies
[0.02ms] ".env"
Resolving dependencies
[0.04ms] ".env"
Resolving dependencies
Resolved, downloaded and extracted [77]
Resolved, downloaded and extracted [355]
Saved lockfile
Saved lockfile
Resolved, downloaded and extracted [304]
Saved lockfile
opencode serve

starts a headless opencode server

Options:
  -h, --help        show help                                                              [boolean]
  -v, --version     show version number                                                    [boolean]
      --print-logs  print logs to stderr                                                   [boolean]
      --log-level   log level                   [string] [choices: "DEBUG", "INFO", "WARN", "ERROR"]
      --port        port to listen on                                          [number] [default: 0]
      --hostname    hostname to listen on                            [string] [default: "127.0.0.1"]
      --mdns        enable mDNS service discovery (defaults hostname to 0.0.0.0)
                                                                          [boolean] [default: false]
      --cors        additional domains to allow for CORS                       [array] [default: []]
Warning: OPENCODE_SERVER_PASSWORD is not set; server is unsecured.
opencode server listening on http://0.0.0.0:1111
